::1 - - [28/Feb/2024:10:36:04 +0000] "POST /room HTTP/1.1" 500 82
::1 - - [28/Feb/2024:10:36:16 +0000] "POST /room HTTP/1.1" 500 82
::1 - - [28/Feb/2024:10:37:26 +0000] "POST /room HTTP/1.1" 500 75
::1 - - [03/Mar/2024:18:21:21 +0000] "GET /users HTTP/1.1" 404 144
::1 - - [03/Mar/2024:18:21:38 +0000] "GET /users/ HTTP/1.1" 404 145
::1 - - [03/Mar/2024:18:21:40 +0000] "GET /users/ HTTP/1.1" 404 145
::1 - - [03/Mar/2024:18:21:41 +0000] "GET /users/ HTTP/1.1" 404 145
::1 - - [03/Mar/2024:18:22:58 +0000] "POST /users/ HTTP/1.1" 404 146
::1 - - [03/Mar/2024:18:23:14 +0000] "GET / HTTP/1.1" 404 139
::1 - - [03/Mar/2024:18:23:18 +0000] "GET /users HTTP/1.1" 404 144
::1 - - [03/Mar/2024:18:24:00 +0000] "GET / HTTP/1.1" 404 139
::1 - - [03/Mar/2024:18:24:39 +0000] "GET /room HTTP/1.1" 404 143
::1 - - [03/Mar/2024:18:25:19 +0000] "POST / HTTP/1.1" 404 140
::1 - - [03/Mar/2024:18:25:25 +0000] "GET /users HTTP/1.1" 404 144
::1 - - [03/Mar/2024:18:26:55 +0000] "POST /users HTTP/1.1" 404 145
::1 - - [03/Mar/2024:18:26:57 +0000] "POST /users HTTP/1.1" 404 145
::1 - - [03/Mar/2024:18:26:58 +0000] "POST /users HTTP/1.1" 404 145
::1 - - [03/Mar/2024:18:27:00 +0000] "POST /users HTTP/1.1" 404 145
::1 - - [03/Mar/2024:18:28:50 +0000] "POST /users HTTP/1.1" 404 145
::1 - - [03/Mar/2024:18:28:51 +0000] "POST /users HTTP/1.1" 404 145
::1 - - [03/Mar/2024:18:28:52 +0000] "POST /users HTTP/1.1" 404 145
