POST /room 200 47 - 8.007 ms
POST /room 200 47 - 1.083 ms
POST /room 200 47 - 0.780 ms
GET /room-info/a55066c1-55fa-4af1-bda2-38e75e1b4d21 200 222 - 40.348 ms
GET /room-info/a55066c1-55fa-4af1-bda2-38e75e1b4d21 200 290 - 34.459 ms
POST /room 200 47 - 7.136 ms
GET /room-info/e743a8bf-fae8-4bee-b14c-5013e732bbbb 200 222 - 248.462 ms
GET /room-info/e743a8bf-fae8-4bee-b14c-5013e732bbbb 200 311 - 36.316 ms
POST /room 200 47 - 7.726 ms
GET /room-info/7c7aa796-2b47-4fb2-a490-0cc6ad86ec7d 200 222 - 395.780 ms
GET /room-info/7c7aa796-2b47-4fb2-a490-0cc6ad86ec7d 200 311 - 47.814 ms
POST /room 200 47 - 7.568 ms
GET /room-info/c4cd5002-3544-4af7-98f2-a02bc71c46ce 200 222 - 431.639 ms
POST /room 500 82 - 2.171 ms
POST /room 500 82 - 0.385 ms
POST /room 500 75 - 1.671 ms
POST /room 200 47 - 7.027 ms
GET /room-info/87bbfd08-2a91-4ea3-96e7-f556a1edcfce 200 222 - 248.327 ms
POST /room 200 47 - 6.813 ms
GET /room-info/f8e0213d-3f34-4c23-a73c-1a0bf78fe87e 200 222 - 249.594 ms
POST /room 200 47 - 9.432 ms
GET /room-info/881aa81d-8e31-460c-8168-20971882431e 200 222 - 247.476 ms
GET /room-info/881aa81d-8e31-460c-8168-20971882431e 200 311 - 34.848 ms
GET /room-info/881aa81d-8e31-460c-8168-20971882431e 200 317 - 34.782 ms
GET /room-info/881aa81d-8e31-460c-8168-20971882431e 200 407 - 34.773 ms
GET /room-info/881aa81d-8e31-460c-8168-20971882431e 304 - - 38.896 ms
POST /room 200 47 - 6.931 ms
GET /room-info/d259665e-7efb-4b7b-b4a4-643cbf717ba8 200 228 - 254.058 ms
GET /room-info/d259665e-7efb-4b7b-b4a4-643cbf717ba8 200 317 - 35.395 ms
GET /room-info/d259665e-7efb-4b7b-b4a4-643cbf717ba8 200 380 - 34.967 ms
POST /room 200 47 - 1.155 ms
GET /room-info/682fd63f-cfbc-41bd-b561-b26b75b73b0c 200 244 - 33.931 ms
GET /room-info/682fd63f-cfbc-41bd-b561-b26b75b73b0c 200 333 - 34.303 ms
GET /join?roomId=682fd63f-cfbc-41bd-b561-b26b75b73b0c 200 36 - 34.482 ms
GET /room-info/682fd63f-cfbc-41bd-b561-b26b75b73b0c 200 333 - 34.348 ms
GET /room-info/682fd63f-cfbc-41bd-b561-b26b75b73b0c 200 424 - 34.605 ms
GET /room-info/682fd63f-cfbc-41bd-b561-b26b75b73b0c 200 424 - 37.414 ms
POST /room 200 47 - 0.745 ms
GET /room-info/b3a33d11-5809-4851-b944-d7ced8a5adc4 200 244 - 34.072 ms
GET /room-info/b3a33d11-5809-4851-b944-d7ced8a5adc4 200 333 - 33.882 ms
POST /room 200 47 - 0.585 ms
GET /room-info/ca3a4336-ccea-4827-bc5a-7382df9b9732 200 244 - 34.139 ms
GET /room-info/ca3a4336-ccea-4827-bc5a-7382df9b9732 200 333 - 34.171 ms
GET /join?roomId=ca3a4336-ccea-4827-bc5a-7382df9b9732 200 36 - 34.265 ms
GET /room-info/ca3a4336-ccea-4827-bc5a-7382df9b9732 200 333 - 35.584 ms
GET /room-info/ca3a4336-ccea-4827-bc5a-7382df9b9732 200 424 - 34.312 ms
GET /room-info/ca3a4336-ccea-4827-bc5a-7382df9b9732 200 424 - 34.078 ms
POST /room 200 47 - 7.255 ms
GET /room-info/44bebce8-71f4-4727-8dec-f7140c51b49c 200 244 - 392.287 ms
GET /room-info/44bebce8-71f4-4727-8dec-f7140c51b49c 200 333 - 35.911 ms
POST /room 200 47 - 7.188 ms
GET /room-info/273d2e3c-6076-44d5-ad23-be9c67212694 200 244 - 243.609 ms
GET /room-info/273d2e3c-6076-44d5-ad23-be9c67212694 200 333 - 35.104 ms
GET /join?roomId=273d2e3c-6076-44d5-ad23-be9c67212694 200 36 - 34.713 ms
GET /room-info/273d2e3c-6076-44d5-ad23-be9c67212694 200 333 - 35.656 ms
GET /room-info/273d2e3c-6076-44d5-ad23-be9c67212694 200 424 - 34.804 ms
GET /room-info/273d2e3c-6076-44d5-ad23-be9c67212694 200 424 - 34.696 ms
POST /room 200 47 - 7.325 ms
GET /room-info/6d0e183c-b0a2-48d8-a791-9dbd314408ac 200 244 - 262.682 ms
GET /room-info/6d0e183c-b0a2-48d8-a791-9dbd314408ac 200 333 - 35.112 ms
GET /join?roomId=6d0e183c-b0a2-48d8-a791-9dbd314408ac 200 36 - 34.554 ms
GET /room-info/6d0e183c-b0a2-48d8-a791-9dbd314408ac 200 333 - 34.589 ms
GET /room-info/6d0e183c-b0a2-48d8-a791-9dbd314408ac 200 424 - 35.067 ms
GET /room-info/6d0e183c-b0a2-48d8-a791-9dbd314408ac 200 424 - 34.789 ms
POST /room 200 47 - 0.822 ms
GET /room-info/020b7d2f-bda8-459c-ab5b-2bcbce57251e 200 244 - 34.078 ms
GET /room-info/020b7d2f-bda8-459c-ab5b-2bcbce57251e 200 333 - 34.085 ms
POST /room 200 47 - 0.673 ms
GET /room-info/1f7a7ae5-2314-4a47-a786-8a4610b89738 200 244 - 35.682 ms
GET /room-info/1f7a7ae5-2314-4a47-a786-8a4610b89738 200 333 - 44.179 ms
GET /join?roomId=1f7a7ae5-2314-4a47-a786-8a4610b89738 200 36 - 34.318 ms
GET /room-info/1f7a7ae5-2314-4a47-a786-8a4610b89738 200 333 - 34.122 ms
GET /room-info/1f7a7ae5-2314-4a47-a786-8a4610b89738 200 424 - 33.927 ms
GET /room-info/1f7a7ae5-2314-4a47-a786-8a4610b89738 200 424 - 33.746 ms
GET /room-info/1f7a7ae5-2314-4a47-a786-8a4610b89738 200 526 - 35.791 ms
GET /room-info/1f7a7ae5-2314-4a47-a786-8a4610b89738 200 526 - 451.747 ms
GET /room-info/1f7a7ae5-2314-4a47-a786-8a4610b89738 200 591 - 35.026 ms
GET /room-info/1f7a7ae5-2314-4a47-a786-8a4610b89738 200 591 - 35.137 ms
GET /room-info/1f7a7ae5-2314-4a47-a786-8a4610b89738 200 661 - 34.471 ms
GET /room-info/1f7a7ae5-2314-4a47-a786-8a4610b89738 200 661 - 34.615 ms
POST /room 200 47 - 1.075 ms
GET /room-info/29da0194-2597-4138-962d-1dcf569e8fb6 200 244 - 33.586 ms
GET /room-info/29da0194-2597-4138-962d-1dcf569e8fb6 200 333 - 33.867 ms
GET /join?roomId=29da0194-2597-4138-962d-1dcf569e8fb6 200 36 - 33.998 ms
GET /room-info/29da0194-2597-4138-962d-1dcf569e8fb6 200 333 - 57.879 ms
GET /room-info/29da0194-2597-4138-962d-1dcf569e8fb6 200 424 - 33.854 ms
GET /room-info/29da0194-2597-4138-962d-1dcf569e8fb6 200 424 - 33.675 ms
POST /room 200 47 - 0.567 ms
GET /room-info/919e300b-c7ae-41e4-b66a-405a305b403e 200 244 - 33.696 ms
GET /room-info/919e300b-c7ae-41e4-b66a-405a305b403e 200 333 - 33.685 ms
GET /join?roomId=919e300b-c7ae-41e4-b66a-405a305b403e 200 36 - 33.978 ms
GET /room-info/919e300b-c7ae-41e4-b66a-405a305b403e 200 333 - 34.250 ms
GET /room-info/919e300b-c7ae-41e4-b66a-405a305b403e 200 424 - 34.684 ms
GET /room-info/919e300b-c7ae-41e4-b66a-405a305b403e 200 424 - 34.463 ms
POST /room 200 47 - 0.678 ms
GET /room-info/c30e9015-28ba-43c9-927d-15833eff3a87 200 244 - 33.768 ms
GET /room-info/c30e9015-28ba-43c9-927d-15833eff3a87 200 333 - 33.861 ms
GET /join?roomId=c30e9015-28ba-43c9-927d-15833eff3a87 200 36 - 33.873 ms
GET /room-info/c30e9015-28ba-43c9-927d-15833eff3a87 200 333 - 34.161 ms
GET /room-info/c30e9015-28ba-43c9-927d-15833eff3a87 200 424 - 33.915 ms
GET /room-info/c30e9015-28ba-43c9-927d-15833eff3a87 200 424 - 33.797 ms
GET /room-info/c30e9015-28ba-43c9-927d-15833eff3a87 200 494 - 35.011 ms
GET /room-info/c30e9015-28ba-43c9-927d-15833eff3a87 200 494 - 36.443 ms
GET /room-info/c30e9015-28ba-43c9-927d-15833eff3a87 200 563 - 34.298 ms
GET /room-info/c30e9015-28ba-43c9-927d-15833eff3a87 200 563 - 34.393 ms
POST /room 200 47 - 0.529 ms
GET /room-info/47f99e8f-d483-41f1-82f1-ab2965fc5a24 200 244 - 33.533 ms
GET /room-info/47f99e8f-d483-41f1-82f1-ab2965fc5a24 200 333 - 33.882 ms
GET /join?roomId=47f99e8f-d483-41f1-82f1-ab2965fc5a24 200 36 - 33.811 ms
GET /room-info/47f99e8f-d483-41f1-82f1-ab2965fc5a24 200 333 - 34.347 ms
GET /room-info/47f99e8f-d483-41f1-82f1-ab2965fc5a24 200 424 - 34.495 ms
GET /room-info/47f99e8f-d483-41f1-82f1-ab2965fc5a24 200 424 - 46.265 ms
GET /room-info/47f99e8f-d483-41f1-82f1-ab2965fc5a24 200 495 - 34.068 ms
GET /room-info/47f99e8f-d483-41f1-82f1-ab2965fc5a24 200 495 - 33.963 ms
GET /room-info/47f99e8f-d483-41f1-82f1-ab2965fc5a24 200 564 - 34.416 ms
GET /room-info/47f99e8f-d483-41f1-82f1-ab2965fc5a24 200 564 - 34.178 ms
POST /room 200 47 - 0.639 ms
GET /room-info/bb0720a3-e391-48b8-a3ba-875cd630147a 200 244 - 33.595 ms
GET /room-info/bb0720a3-e391-48b8-a3ba-875cd630147a 200 333 - 33.725 ms
GET /join?roomId=bb0720a3-e391-48b8-a3ba-875cd630147a 200 36 - 33.833 ms
GET /room-info/bb0720a3-e391-48b8-a3ba-875cd630147a 200 333 - 34.192 ms
GET /room-info/bb0720a3-e391-48b8-a3ba-875cd630147a 200 424 - 45.753 ms
GET /room-info/bb0720a3-e391-48b8-a3ba-875cd630147a 200 424 - 47.748 ms
POST /room 200 47 - 0.562 ms
GET /room-info/534106e0-d4f6-4288-b1ef-ba0d896af821 200 244 - 33.779 ms
GET /room-info/534106e0-d4f6-4288-b1ef-ba0d896af821 200 333 - 33.963 ms
GET /join?roomId=534106e0-d4f6-4288-b1ef-ba0d896af821 200 36 - 33.912 ms
GET /room-info/534106e0-d4f6-4288-b1ef-ba0d896af821 200 333 - 39.118 ms
GET /room-info/534106e0-d4f6-4288-b1ef-ba0d896af821 200 424 - 33.887 ms
GET /room-info/534106e0-d4f6-4288-b1ef-ba0d896af821 200 424 - 33.806 ms
GET /room-info/534106e0-d4f6-4288-b1ef-ba0d896af821 200 494 - 33.878 ms
GET /room-info/534106e0-d4f6-4288-b1ef-ba0d896af821 200 494 - 34.398 ms
GET /room-info/534106e0-d4f6-4288-b1ef-ba0d896af821 200 566 - 34.484 ms
GET /room-info/534106e0-d4f6-4288-b1ef-ba0d896af821 200 566 - 35.160 ms
POST /room 200 47 - 0.593 ms
GET /room-info/87c8a96a-c84d-4bc4-8f05-144a8347dbda 200 4 - 37.489 ms
POST /room 200 47 - 0.476 ms
GET /room-info/be481432-f5f7-4403-9e4c-bd448b91f70d 200 244 - 33.903 ms
GET /room-info/be481432-f5f7-4403-9e4c-bd448b91f70d 200 333 - 33.705 ms
GET /join?roomId=be481432-f5f7-4403-9e4c-bd448b91f70d 200 36 - 33.616 ms
GET /room-info/be481432-f5f7-4403-9e4c-bd448b91f70d 200 333 - 34.041 ms
GET /room-info/be481432-f5f7-4403-9e4c-bd448b91f70d 200 424 - 33.883 ms
GET /room-info/be481432-f5f7-4403-9e4c-bd448b91f70d 200 424 - 33.744 ms
GET /room-info/be481432-f5f7-4403-9e4c-bd448b91f70d 304 - - 38.826 ms
GET /room-info/be481432-f5f7-4403-9e4c-bd448b91f70d 200 495 - 54.518 ms
GET /room-info/be481432-f5f7-4403-9e4c-bd448b91f70d 200 558 - 34.603 ms
GET /room-info/be481432-f5f7-4403-9e4c-bd448b91f70d 200 558 - 34.750 ms
POST /room 200 47 - 0.625 ms
GET /room-info/9e344042-6ac4-4d0b-8307-2c9efcb27f1c 200 4 - 33.678 ms
POST /room 200 47 - 0.513 ms
GET /room-info/8ee46a89-f7ca-4c1e-9b39-28a9e2e33c60 200 4 - 33.625 ms
POST /room 200 47 - 7.273 ms
GET /room-info/c4e156c4-1990-44f5-aab7-aed9ff2e53ae 200 244 - 247.385 ms
GET /room-info/c4e156c4-1990-44f5-aab7-aed9ff2e53ae 200 333 - 34.549 ms
GET /join?roomId=c4e156c4-1990-44f5-aab7-aed9ff2e53ae 200 36 - 34.352 ms
GET /room-info/c4e156c4-1990-44f5-aab7-aed9ff2e53ae 200 333 - 34.425 ms
GET /room-info/c4e156c4-1990-44f5-aab7-aed9ff2e53ae 200 424 - 34.899 ms
GET /room-info/c4e156c4-1990-44f5-aab7-aed9ff2e53ae 200 424 - 34.819 ms
GET /room-info/c4e156c4-1990-44f5-aab7-aed9ff2e53ae 200 495 - 34.832 ms
GET /room-info/c4e156c4-1990-44f5-aab7-aed9ff2e53ae 200 495 - 399.870 ms
GET /room-info/c4e156c4-1990-44f5-aab7-aed9ff2e53ae 200 565 - 35.210 ms
GET /room-info/c4e156c4-1990-44f5-aab7-aed9ff2e53ae 200 565 - 35.887 ms
POST /room 200 47 - 0.951 ms
GET /room-info/cfd40780-ffa0-459a-b8c6-5d253d4c8e3f 200 244 - 34.359 ms
GET /room-info/cfd40780-ffa0-459a-b8c6-5d253d4c8e3f 200 333 - 37.299 ms
GET /join?roomId=cfd40780-ffa0-459a-b8c6-5d253d4c8e3f 200 36 - 33.456 ms
GET /room-info/cfd40780-ffa0-459a-b8c6-5d253d4c8e3f 200 333 - 34.237 ms
GET /room-info/cfd40780-ffa0-459a-b8c6-5d253d4c8e3f 200 424 - 33.604 ms
GET /room-info/cfd40780-ffa0-459a-b8c6-5d253d4c8e3f 200 424 - 33.741 ms
POST /room 200 47 - 1.011 ms
GET /room-info/3479576a-225e-4cea-b5b1-64b675cca96a 200 244 - 33.578 ms
GET /room-info/3479576a-225e-4cea-b5b1-64b675cca96a 200 333 - 33.907 ms
GET /join?roomId=3479576a-225e-4cea-b5b1-64b675cca96a 200 36 - 34.175 ms
GET /room-info/3479576a-225e-4cea-b5b1-64b675cca96a 200 333 - 33.634 ms
GET /room-info/3479576a-225e-4cea-b5b1-64b675cca96a 200 424 - 33.520 ms
GET /room-info/3479576a-225e-4cea-b5b1-64b675cca96a 200 424 - 33.456 ms
POST /room 200 47 - 0.910 ms
GET /room-info/a9d5d123-4de5-4d89-8b35-561ea98861d9 200 244 - 33.925 ms
GET /room-info/a9d5d123-4de5-4d89-8b35-561ea98861d9 200 333 - 34.433 ms
GET /join?roomId=a9d5d123-4de5-4d89-8b35-561ea98861d9 200 36 - 34.095 ms
GET /room-info/a9d5d123-4de5-4d89-8b35-561ea98861d9 200 333 - 33.934 ms
GET /room-info/a9d5d123-4de5-4d89-8b35-561ea98861d9 200 424 - 34.202 ms
GET /room-info/a9d5d123-4de5-4d89-8b35-561ea98861d9 200 424 - 33.899 ms
POST /room 200 47 - 0.503 ms
GET /room-info/87129f69-7c83-469b-95ac-c0d66500b026 200 244 - 33.441 ms
GET /room-info/87129f69-7c83-469b-95ac-c0d66500b026 200 333 - 33.840 ms
GET /join?roomId=87129f69-7c83-469b-95ac-c0d66500b026 200 36 - 33.733 ms
GET /room-info/87129f69-7c83-469b-95ac-c0d66500b026 200 333 - 34.452 ms
GET /room-info/87129f69-7c83-469b-95ac-c0d66500b026 200 424 - 33.654 ms
GET /room-info/87129f69-7c83-469b-95ac-c0d66500b026 200 424 - 35.317 ms
GET /room-info/87129f69-7c83-469b-95ac-c0d66500b026 200 536 - 33.669 ms
GET /room-info/87129f69-7c83-469b-95ac-c0d66500b026 200 536 - 36.256 ms
GET /room-info/87129f69-7c83-469b-95ac-c0d66500b026 200 607 - 33.918 ms
GET /room-info/87129f69-7c83-469b-95ac-c0d66500b026 200 607 - 35.563 ms
POST /room 200 47 - 0.887 ms
GET /room-info/8320159e-3853-4c16-a25d-2d521a50625a 200 244 - 33.449 ms
GET /room-info/8320159e-3853-4c16-a25d-2d521a50625a 200 333 - 33.526 ms
GET /join?roomId=8320159e-3853-4c16-a25d-2d521a50625a 200 36 - 35.011 ms
GET /room-info/8320159e-3853-4c16-a25d-2d521a50625a 200 333 - 33.339 ms
GET /room-info/8320159e-3853-4c16-a25d-2d521a50625a 200 424 - 33.499 ms
GET /room-info/8320159e-3853-4c16-a25d-2d521a50625a 200 424 - 33.381 ms
GET /room-info/8320159e-3853-4c16-a25d-2d521a50625a 200 536 - 42.908 ms
GET /room-info/8320159e-3853-4c16-a25d-2d521a50625a 200 536 - 43.121 ms
GET /room-info/8320159e-3853-4c16-a25d-2d521a50625a 200 607 - 33.964 ms
GET /room-info/8320159e-3853-4c16-a25d-2d521a50625a 200 607 - 34.295 ms
POST /room 200 47 - 7.430 ms
GET /room-info/b502603c-65dc-4dba-9958-71450d57c1db 200 244 - 248.035 ms
GET /room-info/b502603c-65dc-4dba-9958-71450d57c1db 200 333 - 34.997 ms
